TN:
SF:src\polyfills.ts
FNF:0
FNH:0
LF:0
LH:0
BRF:0
BRH:0
end_of_record
TN:
SF:src\test.ts
FNF:0
FNH:0
DA:18,1
DA:23,1
DA:25,1
LF:3
LH:3
BRF:0
BRH:0
end_of_record
TN:
SF:src\app\admin.guard.ts
FN:10,AdminGuard
FN:16,(anonymous_2)
FNF:2
FNH:1
FNDA:1,AdminGuard
FNDA:0,(anonymous_2)
DA:9,1
DA:11,1
DA:12,1
DA:16,1
DA:17,0
DA:18,0
DA:20,0
DA:23,1
LF:8
LH:5
BRDA:17,0,0,0
BRDA:17,0,1,0
BRF:2
BRH:0
end_of_record
TN:
SF:src\app\app-routing.module.ts
FNF:0
FNH:0
DA:15,1
DA:71,1
DA:72,1
LF:3
LH:3
BRF:0
BRH:0
end_of_record
TN:
SF:src\app\app.component.ts
FN:17,(anonymous_2)
FNF:1
FNH:0
FNDA:0,(anonymous_2)
DA:12,1
DA:13,2
DA:17,1
DA:18,0
DA:20,1
LF:5
LH:4
BRDA:18,0,0,0
BRDA:18,0,1,0
BRDA:18,0,2,0
BRF:3
BRH:0
end_of_record
TN:
SF:src\app\app.module.ts
FN:47,localStorageSyncReducer
FNF:1
FNH:1
FNDA:11,localStorageSyncReducer
DA:50,11
DA:55,1
DA:105,1
LF:3
LH:3
BRDA:84,0,0,1
BRDA:84,0,1,0
BRF:2
BRH:1
end_of_record
TN:
SF:src\app\auth.guard.ts
FN:14,AuthGuard
FN:20,(anonymous_2)
FNF:2
FNH:1
FNDA:1,AuthGuard
FNDA:0,(anonymous_2)
DA:13,1
DA:15,1
DA:16,1
DA:20,1
DA:21,0
DA:22,0
DA:24,0
DA:27,1
LF:8
LH:5
BRDA:21,0,0,0
BRDA:21,0,1,0
BRDA:21,1,0,0
BRDA:21,1,1,0
BRF:4
BRH:0
end_of_record
TN:
SF:src\app\route-animations.ts
FNF:0
FNH:0
DA:15,1
LF:1
LH:1
BRF:0
BRH:0
end_of_record
TN:
SF:src\app\admin\dashboard\dashboard.component.ts
FN:51,DashboardComponent
FN:60,(anonymous_2)
FN:64,(anonymous_3)
FN:70,(anonymous_4)
FN:73,(anonymous_5)
FN:77,(anonymous_6)
FN:81,(anonymous_7)
FNF:7
FNH:7
FNDA:2,DashboardComponent
FNDA:2,(anonymous_2)
FNDA:2,(anonymous_3)
FNDA:2,(anonymous_4)
FNDA:2,(anonymous_5)
FNDA:2,(anonymous_6)
FNDA:3,(anonymous_7)
DA:34,1
DA:39,2
DA:41,2
DA:52,2
DA:53,2
DA:54,2
DA:56,2
DA:57,2
DA:60,2
DA:61,2
DA:62,2
DA:64,2
DA:65,2
DA:69,2
DA:70,2
DA:72,2
DA:73,2
DA:77,1
DA:78,2
DA:81,1
DA:82,3
DA:84,1
LF:22
LH:22
BRF:0
BRH:0
end_of_record
TN:
SF:src\app\admin\manage-flight-services\manage-flight-services.component.ts
FN:119,ManageFlightServicesComponent
FN:130,(anonymous_2)
FN:137,(anonymous_3)
FN:143,(anonymous_4)
FN:149,(anonymous_5)
FN:155,(anonymous_6)
FN:157,(anonymous_7)
FN:166,(anonymous_8)
FN:168,(anonymous_9)
FN:176,(anonymous_10)
FN:178,(anonymous_11)
FN:186,(anonymous_12)
FN:187,(anonymous_13)
FN:191,(anonymous_14)
FN:194,(anonymous_15)
FN:204,(anonymous_16)
FN:219,(anonymous_17)
FN:231,(anonymous_18)
FN:247,(anonymous_19)
FN:251,(anonymous_20)
FN:271,(anonymous_21)
FN:275,(anonymous_22)
FN:295,(anonymous_23)
FN:317,(anonymous_24)
FN:333,(anonymous_25)
FN:349,(anonymous_26)
FNF:26
FNH:4
FNDA:1,ManageFlightServicesComponent
FNDA:0,(anonymous_2)
FNDA:0,(anonymous_3)
FNDA:0,(anonymous_4)
FNDA:0,(anonymous_5)
FNDA:0,(anonymous_6)
FNDA:0,(anonymous_7)
FNDA:0,(anonymous_8)
FNDA:0,(anonymous_9)
FNDA:0,(anonymous_10)
FNDA:0,(anonymous_11)
FNDA:1,(anonymous_12)
FNDA:1,(anonymous_13)
FNDA:1,(anonymous_14)
FNDA:0,(anonymous_15)
FNDA:0,(anonymous_16)
FNDA:0,(anonymous_17)
FNDA:0,(anonymous_18)
FNDA:0,(anonymous_19)
FNDA:0,(anonymous_20)
FNDA:0,(anonymous_21)
FNDA:0,(anonymous_22)
FNDA:0,(anonymous_23)
FNDA:0,(anonymous_24)
FNDA:0,(anonymous_25)
FNDA:0,(anonymous_26)
DA:50,1
DA:51,1
DA:52,1
DA:53,1
DA:56,1
DA:57,1
DA:58,1
DA:60,1
DA:120,1
DA:121,1
DA:122,1
DA:123,1
DA:124,1
DA:126,1
DA:130,1
DA:131,0
DA:132,0
DA:133,0
DA:134,0
DA:137,1
DA:138,0
DA:143,1
DA:144,0
DA:149,1
DA:150,0
DA:155,1
DA:156,0
DA:157,0
DA:159,0
DA:160,0
DA:166,1
DA:167,0
DA:168,0
DA:170,0
DA:171,0
DA:176,1
DA:177,0
DA:178,0
DA:180,0
DA:181,0
DA:186,1
DA:187,1
DA:188,1
DA:191,1
DA:192,1
DA:193,1
DA:194,0
DA:199,1
DA:200,0
DA:201,0
DA:204,1
DA:205,0
DA:208,0
DA:209,0
DA:211,0
DA:212,0
DA:215,0
DA:216,0
DA:219,1
DA:220,0
DA:221,0
DA:222,0
DA:223,0
DA:224,0
DA:226,0
DA:227,0
DA:228,0
DA:231,1
DA:232,0
DA:233,0
DA:234,0
DA:235,0
DA:236,0
DA:238,0
DA:242,0
DA:243,0
DA:247,1
DA:248,0
DA:249,0
DA:250,0
DA:251,0
DA:254,0
DA:257,0
DA:259,0
DA:260,0
DA:263,0
DA:264,0
DA:265,0
DA:266,0
DA:267,0
DA:268,0
DA:271,1
DA:272,0
DA:273,0
DA:274,0
DA:275,0
DA:277,0
DA:281,0
DA:283,0
DA:284,0
DA:287,0
DA:288,0
DA:289,0
DA:290,0
DA:291,0
DA:292,0
DA:295,1
DA:296,0
DA:300,0
DA:302,0
DA:303,0
DA:306,0
DA:307,0
DA:308,0
DA:309,0
DA:312,0
DA:313,0
DA:317,1
DA:318,0
DA:319,0
DA:320,0
DA:321,0
DA:322,0
DA:324,0
DA:325,0
DA:326,0
DA:327,0
DA:330,0
DA:333,1
DA:334,0
DA:335,0
DA:336,0
DA:337,0
DA:338,0
DA:340,0
DA:341,0
DA:342,0
DA:343,0
DA:346,0
DA:349,1
DA:350,0
DA:352,0
DA:353,0
DA:354,0
DA:355,0
DA:357,0
DA:358,0
DA:359,0
DA:360,0
DA:363,0
DA:365,1
LF:151
LH:38
BRDA:259,0,0,0
BRDA:259,0,1,0
BRDA:283,1,0,0
BRDA:283,1,1,0
BRDA:302,2,0,0
BRDA:302,2,1,0
BRDA:321,3,0,0
BRDA:321,3,1,0
BRDA:337,4,0,0
BRDA:337,4,1,0
BRDA:354,5,0,0
BRDA:354,5,1,0
BRF:12
BRH:0
end_of_record
TN:
SF:src\app\admin\manage-passenger\manage-passenger.component.ts
FN:78,ManagePassengerComponent
FN:213,(anonymous_2)
FN:89,(anonymous_3)
FN:101,(anonymous_4)
FN:108,(anonymous_5)
FN:112,(anonymous_6)
FN:113,(anonymous_7)
FN:140,(anonymous_8)
FN:143,(anonymous_9)
FN:150,(anonymous_10)
FN:160,(anonymous_11)
FN:166,(anonymous_12)
FN:171,(anonymous_13)
FN:194,(anonymous_14)
FN:195,(anonymous_15)
FN:205,(anonymous_16)
FN:250,(anonymous_17)
FN:254,(anonymous_18)
FN:255,(anonymous_19)
FN:285,(anonymous_20)
FN:287,(anonymous_21)
FN:291,(anonymous_22)
FN:293,(anonymous_23)
FNF:23
FNH:6
FNDA:2,ManagePassengerComponent
FNDA:0,(anonymous_2)
FNDA:2,(anonymous_3)
FNDA:0,(anonymous_4)
FNDA:0,(anonymous_5)
FNDA:2,(anonymous_6)
FNDA:2,(anonymous_7)
FNDA:2,(anonymous_8)
FNDA:0,(anonymous_9)
FNDA:0,(anonymous_10)
FNDA:0,(anonymous_11)
FNDA:0,(anonymous_12)
FNDA:0,(anonymous_13)
FNDA:0,(anonymous_14)
FNDA:0,(anonymous_15)
FNDA:0,(anonymous_16)
FNDA:2,(anonymous_17)
FNDA:0,(anonymous_18)
FNDA:0,(anonymous_19)
FNDA:0,(anonymous_20)
FNDA:0,(anonymous_21)
FNDA:0,(anonymous_22)
FNDA:0,(anonymous_23)
DA:34,1
DA:38,2
DA:44,2
DA:45,2
DA:46,2
DA:47,2
DA:53,2
DA:64,2
DA:65,2
DA:72,2
DA:73,2
DA:78,2
DA:79,2
DA:80,2
DA:81,2
DA:82,2
DA:83,2
DA:84,2
DA:86,2
DA:89,1
DA:91,2
DA:92,0
DA:94,2
DA:97,2
DA:101,1
DA:102,0
DA:106,0
DA:108,0
DA:112,2
DA:113,2
DA:114,2
DA:117,2
DA:128,2
DA:140,2
DA:141,2
DA:142,2
DA:143,0
DA:149,2
DA:150,0
DA:153,2
DA:154,2
DA:155,2
DA:160,1
DA:161,0
DA:166,1
DA:167,0
DA:171,1
DA:172,0
DA:174,0
DA:175,0
DA:178,0
DA:179,0
DA:182,0
DA:183,0
DA:186,0
DA:187,0
DA:194,1
DA:195,0
DA:196,0
DA:198,0
DA:199,0
DA:200,0
DA:205,1
DA:206,0
DA:207,0
DA:208,0
DA:213,2
DA:214,0
DA:241,0
DA:242,0
DA:243,0
DA:244,0
DA:245,0
DA:250,1
DA:251,2
DA:254,1
DA:255,0
DA:256,0
DA:257,0
DA:258,0
DA:259,0
DA:260,0
DA:261,0
DA:262,0
DA:263,0
DA:265,0
DA:285,1
DA:286,0
DA:287,0
DA:289,0
DA:290,0
DA:291,0
DA:292,0
DA:293,0
DA:294,0
DA:306,0
DA:309,0
DA:310,0
DA:311,0
DA:312,0
DA:314,1
LF:101
LH:47
BRDA:218,0,0,0
BRDA:218,0,1,0
BRDA:222,1,0,0
BRDA:222,1,1,0
BRDA:227,2,0,0
BRDA:227,2,1,0
BRDA:230,3,0,0
BRDA:230,3,1,0
BRDA:236,4,0,0
BRDA:236,4,1,0
BRDA:237,5,0,0
BRDA:237,5,1,0
BRDA:91,6,0,0
BRDA:91,6,1,2
BRDA:173,7,0,0
BRDA:173,7,1,0
BRDA:173,7,2,0
BRDA:173,7,3,0
BRDA:196,8,0,0
BRDA:196,8,1,0
BRDA:292,9,0,0
BRDA:292,9,1,0
BRDA:299,10,0,0
BRDA:299,10,1,0
BRF:24
BRH:1
end_of_record
TN:
SF:src\app\admin\services\admin.service.ts
FN:12,AdminService
FNF:1
FNH:1
FNDA:1,AdminService
DA:11,1
DA:13,1
LF:2
LH:2
BRF:0
BRH:0
end_of_record
TN:
SF:src\app\airline-staff\check-in\check-in.component.ts
FN:144,CheckInComponent
FN:154,(anonymous_2)
FN:155,(anonymous_3)
FN:158,(anonymous_4)
FN:161,(anonymous_5)
FN:167,(anonymous_6)
FN:175,(anonymous_7)
FN:183,(anonymous_8)
FN:188,(anonymous_9)
FN:194,(anonymous_10)
FN:200,(anonymous_11)
FN:206,(anonymous_12)
FN:218,(anonymous_13)
FN:224,(anonymous_14)
FN:226,(anonymous_15)
FN:229,(anonymous_16)
FN:238,(anonymous_17)
FN:241,(anonymous_18)
FN:251,(anonymous_19)
FN:254,(anonymous_20)
FNF:20
FNH:6
FNDA:1,CheckInComponent
FNDA:1,(anonymous_2)
FNDA:1,(anonymous_3)
FNDA:1,(anonymous_4)
FNDA:23,(anonymous_5)
FNDA:0,(anonymous_6)
FNDA:1,(anonymous_7)
FNDA:0,(anonymous_8)
FNDA:0,(anonymous_9)
FNDA:0,(anonymous_10)
FNDA:0,(anonymous_11)
FNDA:0,(anonymous_12)
FNDA:0,(anonymous_13)
FNDA:0,(anonymous_14)
FNDA:0,(anonymous_15)
FNDA:0,(anonymous_16)
FNDA:0,(anonymous_17)
FNDA:0,(anonymous_18)
FNDA:0,(anonymous_19)
FNDA:0,(anonymous_20)
DA:17,1
DA:104,1
DA:105,1
DA:113,1
DA:114,1
DA:129,1
DA:130,1
DA:136,1
DA:145,1
DA:146,1
DA:147,1
DA:148,1
DA:149,1
DA:151,1
DA:154,1
DA:155,1
DA:156,1
DA:158,1
DA:159,1
DA:160,1
DA:161,23
DA:164,1
DA:167,1
DA:168,0
DA:169,0
DA:175,1
DA:176,1
DA:177,0
DA:179,1
DA:183,1
DA:184,0
DA:185,0
DA:187,0
DA:188,0
DA:190,0
DA:193,0
DA:194,0
DA:196,0
DA:199,0
DA:200,0
DA:202,0
DA:205,0
DA:206,0
DA:208,0
DA:211,0
DA:212,0
DA:215,0
DA:218,1
DA:219,0
DA:220,0
DA:221,0
DA:224,1
DA:225,0
DA:226,0
DA:227,0
DA:228,0
DA:229,0
DA:230,0
DA:231,0
DA:233,0
DA:234,0
DA:238,1
DA:239,0
DA:241,0
DA:242,0
DA:243,0
DA:244,0
DA:246,0
DA:251,1
DA:252,0
DA:253,0
DA:254,0
DA:255,0
DA:256,0
DA:257,0
DA:259,0
DA:261,0
DA:262,0
DA:264,0
DA:265,0
DA:267,0
DA:270,0
DA:271,0
DA:273,1
LF:84
LH:32
BRDA:176,0,0,0
BRDA:176,0,1,1
BRDA:186,1,0,0
BRDA:186,1,1,0
BRDA:186,1,2,0
BRDA:186,1,3,0
BRDA:186,1,4,0
BRDA:227,2,0,0
BRDA:227,2,1,0
BRDA:242,3,0,0
BRDA:242,3,1,0
BRDA:255,4,0,0
BRDA:255,4,1,0
BRDA:255,5,0,0
BRDA:255,5,1,0
BRDA:256,6,0,0
BRDA:256,6,1,0
BRDA:261,7,0,0
BRDA:261,7,1,0
BRDA:264,8,0,0
BRDA:264,8,1,0
BRDA:270,9,0,0
BRDA:270,9,1,0
BRF:23
BRH:1
end_of_record
TN:
SF:src\app\airline-staff\in-flight\in-flight.component.ts
FN:149,InFlightComponent
FN:161,(anonymous_2)
FN:162,(anonymous_3)
FN:173,(anonymous_4)
FN:176,(anonymous_5)
FN:180,(anonymous_6)
FN:182,(anonymous_7)
FN:189,(anonymous_8)
FN:191,(anonymous_9)
FN:206,(anonymous_10)
FN:209,(anonymous_11)
FN:211,(anonymous_12)
FN:221,(anonymous_13)
FN:233,(anonymous_14)
FN:235,(anonymous_15)
FN:245,(anonymous_16)
FN:257,(anonymous_17)
FN:266,(anonymous_18)
FN:269,(anonymous_19)
FN:273,(anonymous_20)
FN:279,(anonymous_21)
FN:282,(anonymous_22)
FN:284,(anonymous_23)
FN:295,(anonymous_24)
FN:298,(anonymous_25)
FN:314,(anonymous_26)
FN:316,(anonymous_27)
FN:320,(anonymous_28)
FN:322,(anonymous_29)
FN:336,(anonymous_30)
FNF:30
FNH:7
FNDA:1,InFlightComponent
FNDA:1,(anonymous_2)
FNDA:1,(anonymous_3)
FNDA:1,(anonymous_4)
FNDA:0,(anonymous_5)
FNDA:1,(anonymous_6)
FNDA:0,(anonymous_7)
FNDA:0,(anonymous_8)
FNDA:0,(anonymous_9)
FNDA:0,(anonymous_10)
FNDA:0,(anonymous_11)
FNDA:0,(anonymous_12)
FNDA:0,(anonymous_13)
FNDA:0,(anonymous_14)
FNDA:0,(anonymous_15)
FNDA:0,(anonymous_16)
FNDA:1,(anonymous_17)
FNDA:0,(anonymous_18)
FNDA:0,(anonymous_19)
FNDA:0,(anonymous_20)
FNDA:0,(anonymous_21)
FNDA:0,(anonymous_22)
FNDA:0,(anonymous_23)
FNDA:120,(anonymous_24)
FNDA:0,(anonymous_25)
FNDA:0,(anonymous_26)
FNDA:0,(anonymous_27)
FNDA:0,(anonymous_28)
FNDA:0,(anonymous_29)
FNDA:0,(anonymous_30)
DA:19,1
DA:105,1
DA:106,1
DA:108,1
DA:109,1
DA:125,1
DA:126,1
DA:136,1
DA:138,1
DA:150,1
DA:151,1
DA:152,1
DA:153,1
DA:154,1
DA:155,1
DA:157,1
DA:158,1
DA:161,1
DA:162,1
DA:163,1
DA:166,1
DA:173,1
DA:174,1
DA:175,1
DA:176,0
DA:178,1
DA:181,1
DA:182,1
DA:186,1
DA:189,1
DA:190,0
DA:191,0
DA:193,0
DA:195,0
DA:197,0
DA:206,0
DA:209,1
DA:210,0
DA:211,0
DA:214,0
DA:216,0
DA:218,0
DA:221,0
DA:222,0
DA:223,0
DA:224,0
DA:228,0
DA:229,0
DA:230,0
DA:233,1
DA:234,0
DA:235,0
DA:238,0
DA:241,0
DA:243,0
DA:245,0
DA:246,0
DA:247,0
DA:248,0
DA:252,0
DA:253,0
DA:254,0
DA:257,1
DA:258,1
DA:259,0
DA:261,1
DA:266,1
DA:267,0
DA:269,0
DA:271,0
DA:272,0
DA:273,0
DA:274,0
DA:275,0
DA:278,0
DA:279,0
DA:282,1
DA:283,0
DA:284,0
DA:285,0
DA:286,0
DA:288,0
DA:290,0
DA:292,0
DA:295,1
DA:296,120
DA:297,120
DA:298,120
DA:299,120
DA:300,0
DA:301,0
DA:303,0
DA:306,0
DA:307,0
DA:309,0
DA:311,120
DA:314,1
DA:315,0
DA:316,0
DA:318,0
DA:319,0
DA:320,0
DA:321,0
DA:322,0
DA:323,0
DA:330,0
DA:332,0
DA:336,1
DA:337,0
DA:339,1
LF:110
LH:45
BRDA:222,0,0,0
BRDA:222,0,1,0
BRDA:246,1,0,0
BRDA:246,1,1,0
BRDA:258,2,0,0
BRDA:258,2,1,1
BRDA:271,3,0,0
BRDA:271,3,1,0
BRDA:285,4,0,0
BRDA:285,4,1,0
BRDA:299,5,0,0
BRDA:299,5,1,120
BRDA:299,6,0,120
BRDA:299,6,1,0
BRDA:300,7,0,0
BRDA:300,7,1,0
BRDA:306,8,0,0
BRDA:306,8,1,0
BRDA:321,9,0,0
BRDA:321,9,1,0
BRF:20
BRH:3
end_of_record
TN:
SF:src\app\airline-staff\seat-map\seat-map.component.ts
FN:115,SeatMapComponent
FN:123,(anonymous_2)
FN:124,(anonymous_3)
FN:128,(anonymous_4)
FN:132,(anonymous_5)
FN:137,(anonymous_6)
FN:141,(anonymous_7)
FNF:7
FNH:6
FNDA:4,SeatMapComponent
FNDA:4,(anonymous_2)
FNDA:4,(anonymous_3)
FNDA:4,(anonymous_4)
FNDA:92,(anonymous_5)
FNDA:482,(anonymous_6)
FNDA:0,(anonymous_7)
DA:9,1
DA:95,1
DA:100,4
DA:113,4
DA:116,4
DA:117,4
DA:118,4
DA:120,4
DA:123,4
DA:124,4
DA:125,4
DA:127,4
DA:128,4
DA:131,4
DA:132,92
DA:137,1
DA:138,482
DA:139,482
DA:141,482
DA:143,482
DA:144,0
DA:145,0
DA:147,0
DA:149,0
DA:150,0
DA:152,0
DA:153,0
DA:155,0
DA:157,482
DA:158,481
DA:160,1
LF:31
LH:23
BRDA:143,0,0,0
BRDA:143,0,1,482
BRDA:143,1,0,482
BRDA:143,1,1,0
BRDA:144,2,0,0
BRDA:144,2,1,0
BRDA:149,3,0,0
BRDA:149,3,1,0
BRDA:152,4,0,0
BRDA:152,4,1,0
BRDA:157,5,0,1
BRDA:157,5,1,481
BRF:12
BRH:4
end_of_record
TN:
SF:src\app\airline-staff\staff-dashboard\staff-dashboard.component.ts
FN:37,StaffDashboardComponent
FN:48,(anonymous_2)
FN:52,(anonymous_3)
FN:57,(anonymous_4)
FN:60,(anonymous_5)
FN:64,(anonymous_6)
FN:69,(anonymous_7)
FNF:7
FNH:7
FNDA:1,StaffDashboardComponent
FNDA:1,(anonymous_2)
FNDA:1,(anonymous_3)
FNDA:2,(anonymous_4)
FNDA:2,(anonymous_5)
FNDA:1,(anonymous_6)
FNDA:1,(anonymous_7)
DA:30,1
DA:36,1
DA:38,1
DA:39,1
DA:40,1
DA:41,1
DA:43,1
DA:44,1
DA:48,1
DA:49,1
DA:50,1
DA:52,1
DA:53,1
DA:56,1
DA:57,2
DA:59,1
DA:60,2
DA:64,1
DA:65,1
DA:69,1
DA:70,1
DA:72,1
LF:22
LH:22
BRF:0
BRH:0
end_of_record
TN:
SF:src\app\material\material.module.ts
FNF:0
FNH:0
DA:37,1
DA:77,1
LF:2
LH:2
BRF:0
BRH:0
end_of_record
TN:
SF:src\app\models\flights.action.types.ts
FNF:0
FNH:0
DA:1,1
DA:2,1
DA:3,1
DA:4,1
DA:5,1
DA:6,1
DA:7,1
DA:8,1
DA:10,1
DA:11,1
DA:13,1
DA:14,1
DA:16,1
DA:17,1
DA:19,1
DA:20,1
DA:22,1
DA:23,1
DA:25,1
DA:26,1
LF:20
LH:20
BRF:0
BRH:0
end_of_record
TN:
SF:src\app\models\flights.modals.ts
FN:1,(anonymous_0)
FNF:1
FNH:1
FNDA:1,(anonymous_0)
DA:1,1
DA:14,1
LF:2
LH:2
BRF:0
BRH:0
end_of_record
TN:
SF:src\app\models\passengers.action.types.ts
FNF:0
FNH:0
DA:1,1
DA:2,1
DA:3,1
DA:4,1
DA:5,1
DA:6,1
LF:6
LH:6
BRF:0
BRH:0
end_of_record
TN:
SF:src\app\models\passengers.modals.ts
FN:1,(anonymous_0)
FNF:1
FNH:1
FNDA:1,(anonymous_0)
DA:1,1
DA:17,1
LF:2
LH:2
BRF:0
BRH:0
end_of_record
TN:
SF:src\app\shared\header\header.component.ts
FN:9,HeaderComponent
FN:11,(anonymous_2)
FNF:2
FNH:2
FNDA:5,HeaderComponent
FNDA:3,(anonymous_2)
DA:8,1
DA:11,1
DA:12,1
LF:3
LH:3
BRF:0
BRH:0
end_of_record
TN:
SF:src\app\shared\page-not-found\page-not-found.component.ts
FN:10,PageNotFoundComponent
FN:12,(anonymous_2)
FNF:2
FNH:2
FNDA:5,PageNotFoundComponent
FNDA:5,(anonymous_2)
DA:8,1
DA:12,1
DA:15,1
LF:3
LH:3
BRF:0
BRH:0
end_of_record
TN:
SF:src\app\shared\services\flights.service.ts
FN:10,FlightService
FN:15,(anonymous_2)
FN:17,(anonymous_3)
FN:24,(anonymous_4)
FN:31,(anonymous_5)
FN:40,(anonymous_6)
FN:49,(anonymous_7)
FN:57,(anonymous_8)
FN:66,(anonymous_9)
FN:73,(anonymous_10)
FN:77,(anonymous_11)
FN:82,(anonymous_12)
FN:86,(anonymous_13)
FN:92,(anonymous_14)
FN:96,(anonymous_15)
FN:103,(anonymous_16)
FN:104,(anonymous_17)
FNF:17
FNH:4
FNDA:18,FlightService
FNDA:1,(anonymous_2)
FNDA:1,(anonymous_3)
FNDA:0,(anonymous_4)
FNDA:0,(anonymous_5)
FNDA:0,(anonymous_6)
FNDA:0,(anonymous_7)
FNDA:0,(anonymous_8)
FNDA:0,(anonymous_9)
FNDA:0,(anonymous_10)
FNDA:0,(anonymous_11)
FNDA:0,(anonymous_12)
FNDA:0,(anonymous_13)
FNDA:0,(anonymous_14)
FNDA:0,(anonymous_15)
FNDA:1,(anonymous_16)
FNDA:0,(anonymous_17)
DA:8,1
DA:9,18
DA:10,18
DA:11,18
DA:15,1
DA:16,1
DA:18,1
DA:24,1
DA:25,0
DA:26,0
DA:31,1
DA:32,0
DA:33,0
DA:40,1
DA:41,0
DA:42,0
DA:49,1
DA:50,0
DA:51,0
DA:57,1
DA:58,0
DA:59,0
DA:66,1
DA:67,0
DA:68,0
DA:73,1
DA:74,0
DA:75,0
DA:82,1
DA:83,0
DA:84,0
DA:92,1
DA:93,0
DA:94,0
DA:103,1
DA:104,1
DA:106,0
DA:109,0
DA:112,0
DA:115,1
LF:40
LH:19
BRDA:103,0,0,0
BRDA:103,0,1,1
BRF:2
BRH:1
end_of_record
TN:
SF:src\app\shared\services\login-service.service.ts
FN:8,LoginServiceService
FN:10,(anonymous_2)
FN:11,(anonymous_3)
FN:19,(anonymous_4)
FN:20,(anonymous_5)
FNF:5
FNH:1
FNDA:3,LoginServiceService
FNDA:0,(anonymous_2)
FNDA:0,(anonymous_3)
FNDA:0,(anonymous_4)
FNDA:0,(anonymous_5)
DA:7,1
DA:10,1
DA:11,0
DA:12,0
DA:14,0
DA:19,1
DA:20,0
DA:21,0
DA:23,0
DA:26,1
LF:10
LH:4
BRDA:11,0,0,0
BRDA:11,0,1,0
BRDA:11,1,0,0
BRDA:11,1,1,0
BRDA:20,2,0,0
BRDA:20,2,1,0
BRDA:20,3,0,0
BRDA:20,3,1,0
BRF:8
BRH:0
end_of_record
TN:
SF:src\app\shared\services\passengers.service.ts
FN:12,PassengerService
FN:17,(anonymous_2)
FN:19,(anonymous_3)
FN:26,(anonymous_4)
FN:29,(anonymous_5)
FN:35,(anonymous_6)
FN:39,(anonymous_7)
FN:46,(anonymous_8)
FN:47,(anonymous_9)
FNF:9
FNH:4
FNDA:18,PassengerService
FNDA:1,(anonymous_2)
FNDA:1,(anonymous_3)
FNDA:0,(anonymous_4)
FNDA:0,(anonymous_5)
FNDA:0,(anonymous_6)
FNDA:0,(anonymous_7)
FNDA:1,(anonymous_8)
FNDA:0,(anonymous_9)
DA:8,1
DA:9,18
DA:10,18
DA:12,18
DA:13,18
DA:17,1
DA:18,1
DA:20,1
DA:26,1
DA:27,0
DA:35,1
DA:36,0
DA:37,0
DA:46,1
DA:47,1
DA:49,0
DA:52,0
DA:55,0
DA:58,1
LF:19
LH:13
BRDA:46,0,0,0
BRDA:46,0,1,1
BRF:2
BRH:1
end_of_record
TN:
SF:src\app\social-login\social-login.component.ts
FN:20,SocialLoginComponent
FN:23,(anonymous_2)
FN:26,(anonymous_5)
FN:34,(anonymous_6)
FN:37,(anonymous_7)
FN:38,(anonymous_8)
FN:45,(anonymous_9)
FN:48,(anonymous_10)
FN:49,(anonymous_11)
FNF:9
FNH:6
FNDA:6,SocialLoginComponent
FNDA:1,(anonymous_2)
FNDA:0,(anonymous_5)
FNDA:4,(anonymous_6)
FNDA:4,(anonymous_7)
FNDA:0,(anonymous_8)
FNDA:1,(anonymous_9)
FNDA:0,(anonymous_10)
FNDA:1,(anonymous_11)
DA:16,1
DA:17,6
DA:18,6
DA:20,6
DA:23,1
DA:24,2
DA:25,0
DA:26,0
DA:27,0
DA:29,0
DA:34,1
DA:35,4
DA:37,4
DA:38,4
DA:39,0
DA:40,0
DA:45,1
DA:46,1
DA:48,0
DA:49,1
DA:50,1
DA:51,1
DA:53,1
LF:23
LH:16
BRDA:24,0,0,1
BRDA:26,1,0,0
BRDA:26,1,1,0
BRDA:26,2,0,0
BRDA:26,2,1,0
BRF:5
BRH:1
end_of_record
TN:
SF:src\app\store\index.ts
FNF:0
FNH:0
DA:11,1
LF:1
LH:1
BRF:0
BRH:0
end_of_record
TN:
SF:src\app\store\actions\flights.actions.ts
FN:5,(anonymous_0)
FN:9,(anonymous_2)
FN:11,LoadFlightsSuccessAction
FN:14,(anonymous_4)
FN:16,CreateAncillary
FN:19,(anonymous_6)
FN:21,CreateAncillarySuccess
FN:24,(anonymous_8)
FN:26,UpdateAncillary
FN:29,(anonymous_10)
FN:31,UpdateAncillarySuccess
FN:34,(anonymous_12)
FN:36,DeleteAncillary
FN:39,(anonymous_14)
FN:41,DeleteAncillarySuccess
FN:44,(anonymous_16)
FN:46,CreateSpecialMeals
FN:49,(anonymous_18)
FN:51,CreateSpecialMealsSucess
FN:54,(anonymous_20)
FN:56,UpdateSpecialMeals
FN:59,(anonymous_22)
FN:61,UpdateSpecialMealsSuccess
FN:64,(anonymous_24)
FN:66,DeleteSpecialMeals
FN:69,(anonymous_26)
FN:71,DeleteSpecialMealsSuccess
FN:74,(anonymous_28)
FN:76,CreateShoppingItems
FN:79,(anonymous_30)
FN:81,CreateShoppingItemsSuccess
FN:84,(anonymous_32)
FN:86,UpdateShoppingItems
FN:89,(anonymous_34)
FN:91,UpdateShoppingItemsSuccess
FN:94,(anonymous_36)
FN:96,DeleteShoppingItems
FN:99,(anonymous_38)
FN:101,DeleteShoppingItemsSuccess
FNF:39
FNH:21
FNDA:4,(anonymous_0)
FNDA:1,(anonymous_2)
FNDA:1,LoadFlightsSuccessAction
FNDA:1,(anonymous_4)
FNDA:0,CreateAncillary
FNDA:1,(anonymous_6)
FNDA:0,CreateAncillarySuccess
FNDA:1,(anonymous_8)
FNDA:0,UpdateAncillary
FNDA:1,(anonymous_10)
FNDA:0,UpdateAncillarySuccess
FNDA:1,(anonymous_12)
FNDA:0,DeleteAncillary
FNDA:1,(anonymous_14)
FNDA:0,DeleteAncillarySuccess
FNDA:1,(anonymous_16)
FNDA:0,CreateSpecialMeals
FNDA:1,(anonymous_18)
FNDA:0,CreateSpecialMealsSucess
FNDA:1,(anonymous_20)
FNDA:0,UpdateSpecialMeals
FNDA:1,(anonymous_22)
FNDA:0,UpdateSpecialMealsSuccess
FNDA:1,(anonymous_24)
FNDA:0,DeleteSpecialMeals
FNDA:1,(anonymous_26)
FNDA:0,DeleteSpecialMealsSuccess
FNDA:1,(anonymous_28)
FNDA:0,CreateShoppingItems
FNDA:1,(anonymous_30)
FNDA:0,CreateShoppingItemsSuccess
FNDA:1,(anonymous_32)
FNDA:0,UpdateShoppingItems
FNDA:1,(anonymous_34)
FNDA:0,UpdateShoppingItemsSuccess
FNDA:1,(anonymous_36)
FNDA:0,DeleteShoppingItems
FNDA:1,(anonymous_38)
FNDA:0,DeleteShoppingItemsSuccess
DA:5,1
DA:6,3
DA:7,1
DA:9,1
DA:10,1
DA:11,1
DA:12,1
DA:14,1
DA:15,0
DA:16,0
DA:17,1
DA:19,1
DA:20,0
DA:21,0
DA:22,1
DA:24,1
DA:25,0
DA:26,0
DA:27,1
DA:29,1
DA:30,0
DA:31,0
DA:32,1
DA:34,1
DA:35,0
DA:36,0
DA:37,1
DA:39,1
DA:40,0
DA:41,0
DA:42,1
DA:44,1
DA:45,0
DA:46,0
DA:47,1
DA:49,1
DA:50,0
DA:51,0
DA:52,1
DA:54,1
DA:55,0
DA:56,0
DA:57,1
DA:59,1
DA:60,0
DA:61,0
DA:62,1
DA:64,1
DA:65,0
DA:66,0
DA:67,1
DA:69,1
DA:70,0
DA:71,0
DA:72,1
DA:74,1
DA:75,0
DA:76,0
DA:77,1
DA:79,1
DA:80,0
DA:81,0
DA:82,1
DA:84,1
DA:85,0
DA:86,0
DA:87,1
DA:89,1
DA:90,0
DA:91,0
DA:92,1
DA:94,1
DA:95,0
DA:96,0
DA:97,1
DA:99,1
DA:100,0
DA:101,0
DA:102,1
LF:79
LH:43
BRF:0
BRH:0
end_of_record
TN:
SF:src\app\store\actions\passengers.actions.ts
FN:5,(anonymous_0)
FN:9,(anonymous_2)
FN:11,LoadPassengersSuccessAction
FN:14,(anonymous_4)
FN:16,CreatePassenger
FN:19,(anonymous_6)
FN:21,AddPassengerAction
FN:24,(anonymous_8)
FN:26,UpdatePassenger
FN:28,(anonymous_10)
FN:31,UpdatPassengerSuccess
FNF:11
FNH:7
FNDA:5,(anonymous_0)
FNDA:1,(anonymous_2)
FNDA:1,LoadPassengersSuccessAction
FNDA:1,(anonymous_4)
FNDA:0,CreatePassenger
FNDA:1,(anonymous_6)
FNDA:0,AddPassengerAction
FNDA:1,(anonymous_8)
FNDA:0,UpdatePassenger
FNDA:1,(anonymous_10)
FNDA:0,UpdatPassengerSuccess
DA:5,1
DA:6,4
DA:7,1
DA:9,1
DA:10,1
DA:11,1
DA:12,1
DA:14,1
DA:15,0
DA:16,0
DA:17,1
DA:19,1
DA:20,0
DA:21,0
DA:22,1
DA:24,1
DA:25,0
DA:26,0
DA:27,1
DA:28,1
DA:29,0
DA:31,0
DA:32,1
LF:23
LH:15
BRF:0
BRH:0
end_of_record
TN:
SF:src\app\store\effects\flights.effects.ts
FN:16,FlightsEffects
FN:23,(anonymous_2)
FN:27,(anonymous_3)
FN:35,(anonymous_4)
FN:36,(anonymous_5)
FN:39,(anonymous_6)
FN:42,(anonymous_7)
FN:50,(anonymous_8)
FN:51,(anonymous_9)
FN:54,(anonymous_10)
FN:57,(anonymous_11)
FN:65,(anonymous_12)
FN:66,(anonymous_13)
FN:69,(anonymous_14)
FN:72,(anonymous_15)
FN:80,(anonymous_16)
FN:81,(anonymous_17)
FN:84,(anonymous_18)
FN:87,(anonymous_19)
FN:96,(anonymous_20)
FN:97,(anonymous_21)
FN:100,(anonymous_22)
FN:103,(anonymous_23)
FN:113,(anonymous_24)
FN:114,(anonymous_25)
FN:117,(anonymous_26)
FN:120,(anonymous_27)
FN:130,(anonymous_28)
FN:131,(anonymous_29)
FN:134,(anonymous_30)
FN:137,(anonymous_31)
FN:148,(anonymous_32)
FN:149,(anonymous_33)
FN:152,(anonymous_34)
FN:155,(anonymous_35)
FN:165,(anonymous_36)
FN:166,(anonymous_37)
FN:169,(anonymous_38)
FN:172,(anonymous_39)
FNF:39
FNH:3
FNDA:18,FlightsEffects
FNDA:1,(anonymous_2)
FNDA:1,(anonymous_3)
FNDA:0,(anonymous_4)
FNDA:0,(anonymous_5)
FNDA:0,(anonymous_6)
FNDA:0,(anonymous_7)
FNDA:0,(anonymous_8)
FNDA:0,(anonymous_9)
FNDA:0,(anonymous_10)
FNDA:0,(anonymous_11)
FNDA:0,(anonymous_12)
FNDA:0,(anonymous_13)
FNDA:0,(anonymous_14)
FNDA:0,(anonymous_15)
FNDA:0,(anonymous_16)
FNDA:0,(anonymous_17)
FNDA:0,(anonymous_18)
FNDA:0,(anonymous_19)
FNDA:0,(anonymous_20)
FNDA:0,(anonymous_21)
FNDA:0,(anonymous_22)
FNDA:0,(anonymous_23)
FNDA:0,(anonymous_24)
FNDA:0,(anonymous_25)
FNDA:0,(anonymous_26)
FNDA:0,(anonymous_27)
FNDA:0,(anonymous_28)
FNDA:0,(anonymous_29)
FNDA:0,(anonymous_30)
FNDA:0,(anonymous_31)
FNDA:0,(anonymous_32)
FNDA:0,(anonymous_33)
FNDA:0,(anonymous_34)
FNDA:0,(anonymous_35)
FNDA:0,(anonymous_36)
FNDA:0,(anonymous_37)
FNDA:0,(anonymous_38)
FNDA:0,(anonymous_39)
DA:15,1
DA:16,18
DA:17,18
DA:18,18
DA:21,18
DA:24,1
DA:27,1
DA:33,18
DA:35,0
DA:37,0
DA:40,0
DA:42,0
DA:48,18
DA:50,0
DA:52,0
DA:55,0
DA:57,0
DA:63,18
DA:65,0
DA:67,0
DA:70,0
DA:72,0
DA:78,18
DA:80,0
DA:82,0
DA:85,0
DA:87,0
DA:93,18
DA:96,0
DA:98,0
DA:101,0
DA:104,0
DA:111,18
DA:113,0
DA:115,0
DA:118,0
DA:121,0
DA:128,18
DA:130,0
DA:132,0
DA:135,0
DA:138,0
DA:145,18
DA:148,0
DA:150,0
DA:153,0
DA:156,0
DA:163,18
DA:165,0
DA:167,0
DA:170,0
DA:173,0
DA:178,1
LF:53
LH:17
BRF:0
BRH:0
end_of_record
TN:
SF:src\app\store\effects\passengers.effects.ts
FN:16,PassengersEffects
FN:23,(anonymous_2)
FN:28,(anonymous_3)
FN:38,(anonymous_4)
FN:39,(anonymous_5)
FN:42,(anonymous_6)
FN:45,(anonymous_7)
FN:53,(anonymous_8)
FN:54,(anonymous_9)
FN:57,(anonymous_10)
FN:60,(anonymous_11)
FNF:11
FNH:3
FNDA:18,PassengersEffects
FNDA:1,(anonymous_2)
FNDA:1,(anonymous_3)
FNDA:0,(anonymous_4)
FNDA:0,(anonymous_5)
FNDA:0,(anonymous_6)
FNDA:0,(anonymous_7)
FNDA:0,(anonymous_8)
FNDA:0,(anonymous_9)
FNDA:0,(anonymous_10)
FNDA:0,(anonymous_11)
DA:15,1
DA:16,18
DA:17,18
DA:18,18
DA:21,18
DA:24,1
DA:29,1
DA:36,18
DA:38,0
DA:40,0
DA:43,0
DA:45,0
DA:51,18
DA:53,0
DA:55,0
DA:58,0
DA:60,0
DA:64,1
LF:18
LH:10
BRF:0
BRH:0
end_of_record
TN:
SF:src\app\store\reducers\flights.reducer.ts
FN:9,FlightReducer
FN:26,(anonymous_1)
FN:39,(anonymous_2)
FN:51,(anonymous_3)
FN:64,(anonymous_4)
FN:76,(anonymous_5)
FN:89,(anonymous_6)
FNF:7
FNH:1
FNDA:58,FlightReducer
FNDA:0,(anonymous_1)
FNDA:0,(anonymous_2)
FNDA:0,(anonymous_3)
FNDA:0,(anonymous_4)
FNDA:0,(anonymous_5)
FNDA:0,(anonymous_6)
DA:5,1
DA:10,78
DA:13,58
DA:15,1
DA:19,0
DA:20,0
DA:24,0
DA:27,0
DA:28,0
DA:30,0
DA:36,0
DA:39,0
DA:44,0
DA:45,0
DA:49,0
DA:52,0
DA:53,0
DA:55,0
DA:61,0
DA:64,0
DA:69,0
DA:70,0
DA:74,0
DA:77,0
DA:78,0
DA:80,0
DA:86,0
DA:89,0
DA:94,57
LF:29
LH:5
BRDA:10,0,0,20
BRDA:10,0,1,38
BRDA:14,1,0,1
BRDA:14,1,1,0
BRDA:14,1,2,0
BRDA:14,1,3,0
BRDA:14,1,4,0
BRDA:14,1,5,0
BRDA:14,1,6,0
BRDA:14,1,7,0
BRDA:14,1,8,0
BRDA:14,1,9,0
BRDA:14,1,10,57
BRDA:27,2,0,0
BRDA:27,2,1,0
BRDA:52,3,0,0
BRDA:52,3,1,0
BRDA:77,4,0,0
BRDA:77,4,1,0
BRF:19
BRH:4
end_of_record
TN:
SF:src\app\store\reducers\passengers.reducer.ts
FN:9,PassengerReducer
FN:27,(anonymous_1)
FNF:2
FNH:1
FNDA:58,PassengerReducer
FNDA:0,(anonymous_1)
DA:5,1
DA:10,78
DA:13,58
DA:15,1
DA:19,0
DA:21,0
DA:25,0
DA:28,0
DA:29,0
DA:31,0
DA:37,57
LF:11
LH:5
BRDA:10,0,0,20
BRDA:10,0,1,38
BRDA:14,1,0,1
BRDA:14,1,1,0
BRDA:14,1,2,0
BRDA:14,1,3,57
BRDA:28,2,0,0
BRDA:28,2,1,0
BRF:8
BRH:4
end_of_record
TN:
SF:src\app\welcome-page\welcome-page.component.ts
FN:10,WelcomePageComponent
FN:12,(anonymous_2)
FNF:2
FNH:2
FNDA:3,WelcomePageComponent
FNDA:3,(anonymous_2)
DA:8,1
DA:12,1
DA:14,1
LF:3
LH:3
BRF:0
BRH:0
end_of_record
TN:
SF:src\environments\environment.ts
FNF:0
FNH:0
DA:5,1
LF:1
LH:1
BRF:0
BRH:0
end_of_record
